Catalog last modified: Wed Aug 12 15:43:49 2020

(id) 0
(authors) George B. Arfken, Hans J. Weber, and Frank E. Harris
(title) Integral Transforms
(notes) Chapter 20
(dir_id) 2
(filename) integral-transforms.pdf

(id) 1
(authors) Richard M. Martin, Lucia Reining, and David M. Ceperley
(title) Path-integral Monte Carlo
(notes) Chapter 25 of Interacting Electrons
(dir_id) 2
(filename) pimc.pdf

(id) 2
(authors) Richard M. Martin, Lucia Reining, and David M. Ceperley
(title) Projector quantum Monte Carlo
(notes) Chapter 24 of Interacting Electrons, describes DMC and other things
(dir_id) 2
(filename) projector-qmc.pdf

(id) 3
(authors) Richard M. Martin, Lucia Reining, and David M. Ceperley
(title) Introduction to stochastic methods
(notes) Chapter 22 of Interacting Electrons
(dir_id) 2
(filename) stochastic-methods.pdf

(id) 4
(authors) Richard M. Martin, Lucia Reining, and David M. Ceperley
(title) Variational Monte Carlo
(notes) Chapter 23 of Interacting Electrons
(dir_id) 2
(filename) vmc.pdf

(id) 5
(authors) Hans A. Bethe
(title) Quantum theory
(notes) From RMP centennial
(dir_id) 3
(filename) RevModPhys.71.S1.pdf

(id) 6
(authors) Horst L. Stormer, Daniel C. Tsui, and Arthur C. Gossard
(title) The fractional quantum Hall effect
(notes) From RMP centennial
(dir_id) 3
(filename) RevModPhys.71.S298.pdf

(id) 7
(authors) J. R. Schrieffer and M. Tinkham
(title) Superconductivity
(notes) From RMP centennial
(dir_id) 3
(filename) RevModPhys.71.S313.pdf

(id) 8
(authors) A. J. Leggett
(title) Superfluidity
(notes) From RMP centennial
(dir_id) 3
(filename) RevModPhys.71.S318.pdf

(id) 9
(authors) D. M. Ceperley
(title) Microscopic simulations in physics
(notes) From RMP centennial
(dir_id) 3
(filename) RevModPhys.71.S438.pdf

(id) 10
(authors) W. Kohn
(title) An essay on condensed matter physics in the twentieth century
(notes) From RMP centennial
(dir_id) 3
(filename) RevModPhys.71.S59.pdf

(id) 11
(authors) Kieron Burke
(title) Perspective on density functional theory
(notes) 
(dir_id) 3
(filename) burke-perspective-dft.pdf

(id) 12
(authors) Jose A. Flores-Livas, Lilia Boeri, Antonio Sanna, Gianni Profeta, Ryotaro Arita, Mikhail Eremets
(title) A perspective on conventional high-temperature superconductors at high pressure: methods and materials
(notes) 
(dir_id) 3
(filename) conventional-high-temperature-sc-perspective.pdf

(id) 13
(authors) Brian K. Spears, James Brase, Peer-Timo Bremer, Barry Chen, John Field, Jim Gaffney, Michael Kruse, Steve Langer, Katie Lewis, Ryan Nora, Jayson Luc Peterson, Jayaraman Jayaraman Thiagarajan, Brian Van Essen, and Kelli Humbird
(title) Deep learning: a guide for practitioners in the physical sciences
(notes) 
(dir_id) 3
(filename) deep-learning-guide-for-physical-sciences.pdf

(id) 14
(authors) T. E. Scott
(title) Elastic and mechanical properties
(notes) On the rare earths
(dir_id) 3
(filename) elastic-and-mechanical-properties-rare-earths.pdf

(id) 15
(authors) Bartomeu Monserrat
(title) Electron-phonon coupling from finite differences
(notes) 
(dir_id) 3
(filename) electron-phonon-finite-diff.pdf

(id) 16
(authors) Feliciano Giustino
(title) Electron-phonon interactions from first principles
(notes) 
(dir_id) 3
(filename) electron-phonon-rmp.pdf

(id) 17
(authors) D. M. Ceperley
(title) Path integrals in the theory of condensed helium
(notes) 
(dir_id) 3
(filename) helium-path-integral.pdf

(id) 18
(authors) Russell J. Hemley, Muhtar Ahart, Hanyu Liu, and Maddury Somayazulu
(title) Road to room-temperature superconductivity: Tc above 260 K in Lanthanum superhydride under pressure
(notes) 
(dir_id) 3
(filename) hemley-superhydrides-symposium-2018.pdf

(id) 19
(authors) Ho-kwang Mao and Russell J. Hemley
(title) Ultrahigh-pressure transitions in solid hydrogen
(notes) 
(dir_id) 3
(filename) high-pressure-hydrogen.pdf

(id) 20
(authors) Lev P. Gor'kov and Vladimir Z. Kresin
(title) Colloquium: High pressure and road to room temperature superconductivity
(notes) 
(dir_id) 3
(filename) high-pressure-superconductivity-colloquium.pdf

(id) 21
(authors) Jeffrey M. McMahon, Miguel A. Morales, Carlo Pierleoni, David M. Ceperley
(title) The properties of hydrogen and helium under extreme conditions
(notes) 
(dir_id) 3
(filename) hydrogen-helium-extreme.pdf

(id) 22
(authors) Giuseppe Carleo, Ignacio Cirac, Kyle Cranmer, Laurent Daudet, Maria Schuld, Naftali Tishby, Leslie Vogt-Maranto, Lenka Zdeborova
(title) Machine learning and the physical sciences
(notes) 
(dir_id) 3
(filename) machine-learning-physical-sciences.pdf

(id) 23
(authors) Stefano Baroni, Stefano de Gironcoli, Andrea Dal Corso, Paolo Giannozzi
(title) Phonons and related crystal properties from density-functional perturbation theory
(notes) 
(dir_id) 3
(filename) phonons-DFT-2001.pdf

(id) 24
(authors) W. M. C. Foulkes, L. Mitas, R. J. Needs, G. Rajagopal
(title) Quantum Monte Carlo simulations of solids
(notes) 
(dir_id) 3
(filename) qmc-solids.pdf

(id) 25
(authors) Ho-Kwang Mao, Xiao-Jia Chen, Yang Ding, Bing Li, Lin Wang
(title) Solids, liquids, and gases under high pressure
(notes) 
(dir_id) 3
(filename) solids-liquids-gases-high-pressure.pdf

(id) 26
(authors) W. B. Holzapfel
(title) Physics of solids under strong compression
(notes) 
(dir_id) 3
(filename) solids-under-strong-compression.pdf

(id) 27
(authors) Cristina Buzea and Kevin Robbie
(title) Assembling the puzzle of superconducting elements: a review
(notes) 
(dir_id) 3
(filename) superconducting-elements-review.pdf

(id) 28
(authors) Chris J. Pickard, Ion Errea, and Mikhail I. Eremets
(title) Superconducting hydrides under pressure
(notes) From annual reviews of condensed matter physics
(dir_id) 3
(filename) superconducting-hydrides-review.pdf

(id) 29
(authors) Farid F. Abraham
(title) Computational statistical mechanics
(notes) Methodology, applications and supercomputing
(dir_id) 3
(filename) abraham-computational-statistical-mechanics.pdf

(id) 30
(authors) James B. Anderson
(title) Quantum Monte Carlo: Atoms, Molecules, Clusters, Liquids, and Solids
(notes) 
(dir_id) 2
(filename) anderson-qmc.pdf

(id) 31
(authors) David S. Sholl and Janice A. Steckel
(title) Density Functional Theory: A Practical Introduction
(notes) 
(dir_id) 1
(filename) DFT-intro.pdf

(id) 32
(authors) David Tong
(title) Electromagnetism
(notes) 
(dir_id) 1
(filename) EM-Tong.pdf

(id) 33
(authors) Classical Electrodynamics
(title) Walter Greiner
(notes) 
(dir_id) 1
(filename) Greiner-EM.pdf

(id) 34
(authors) Walter Greiner and Joachim Reinhardt
(title) Field Quantization
(notes) 
(dir_id) 1
(filename) Greiner-Fields.pdf

(id) 35
(authors) Walter Greiner
(title) Quantum Mechanics: Special Chapters
(notes) 
(dir_id) 1
(filename) Greiner-QM-sp.pdf

(id) 36
(authors) Walter Greiner
(title) Quantum Mechanics: An Introduction
(notes) 
(dir_id) 1
(filename) Greiner-QM.pdf

(id) 37
(authors) Walter Greiner, Ludwig Neise, Horst Stocker
(title) Thermodynamics and Statistical Mechanics
(notes) 
(dir_id) 1
(filename) Greiner-Statmech.pdf

(id) 38
(authors) David Tong
(title) Quantum Field Theory
(notes) 
(dir_id) 1
(filename) QFT-Tong.pdf

(id) 39
(authors) David Tong
(title) Statistical Field Theory
(notes) 
(dir_id) 1
(filename) SFT-Tong.pdf

(id) 40
(authors) Rodney J. Baxter
(title) Exactly Solved Models in Statistical Mechanics
(notes) 
(dir_id) 1
(filename) baxter-exactly-solved.pdf

(id) 41
(authors) Kurt Binder and Dieter W. Heermann
(title) Monte Carlo Simulations in Statistical Physics: An Introduction
(notes) 
(dir_id) 1
(filename) binder-heermann-monte-carlo.pdf

(id) 42
(authors) Kathleen T. Alligood, Tim D. Sauer, James A. Yorke
(title) Chaos: An Introduction to Dynamical Systems
(notes) 
(dir_id) 1
(filename) chaos-intro-dynamical-systems.pdf

(id) 43
(authors) Svein Linge and Hans Petter Langtangen
(title) Programming for Computations - Python
(notes) Second edition using python 3
(dir_id) 1
(filename) computation-python.pdf

(id) 44
(authors) Walter Borchardt-Ott
(title) Crystallography: An Introduction
(notes) 
(dir_id) 1
(filename) crystallography.pdf

(id) 45
(authors) Hans Petter Langtangen and Svein Linge
(title) Finite Difference Computing with PDEs: A Modern Software Approach
(notes) 
(dir_id) 1
(filename) finite-difference-pde.pdf

(id) 46
(authors) Siegfried Flugge
(title) Practical Quantum Mechanics (front matter)
(notes) Contains the table of contents
(dir_id) 1
(filename) flugge-front.pdf

(id) 47
(authors) Siegfried Flugge
(title) Practical Quantum Mechanics
(notes) 
(dir_id) 1
(filename) flugge-pqm.pdf

(id) 48
(authors) Nigel Goldenfeld
(title) Statistical Mechanics and Kinetic Theory
(notes) Notes that Nigel uses for PHYS504
(dir_id) 1
(filename) goldenfeld-stat-mech.pdf

(id) 49
(authors) Harald Ibach and Hans Luth
(title) Solid-State Physics: An Introduction to Principles of Materials Science
(notes) 
(dir_id) 1
(filename) ibach-luth.pdf

(id) 50
(authors) I. S. Gradshteyn and I. M. Ryzhik
(title) Table of Integrals, Series, and Products
(notes) 7th edition
(dir_id) 1
(filename) integral-table.pdf

(id) 51
(authors) Cornel Ioan Valean
(title) (Almost) Impossible Integrals, Sums, and Series
(notes) goated
(dir_id) 1
(filename) integrals-and-sums-valean.pdf

(id) 52
(authors) Pankaj Mehta, Ching-Hao Wang, Alexandre G. R. Day, Clint Richardson, Marin Bukov, Charles K. Fisher, David J. Schwab
(title) A high-bias, low-variance introduction to Machine Learning for physicists
(notes) 
(dir_id) 1
(filename) machine-learning-for-physicists.pdf

(id) 53
(authors) Michael P. Marder
(title) Condensed Matter Physics
(notes) 2nd edition
(dir_id) 1
(filename) marder-condensed-matter.pdf

(id) 54
(authors) Roman Schmied
(title) Using Mathematica for Quantum Mechanics: A Student's Manual
(notes) 
(dir_id) 1
(filename) mathematica-for-qm.pdf

(id) 55
(authors) G. H. Hardy
(title) A Mathematician's Apology
(notes) 
(dir_id) 1
(filename) mathematicians-apology.pdf

(id) 56
(authors) Hans Petter Langtangen
(title) A Primer on Scientific Programming with Python
(notes) Uses python 2
(dir_id) 1
(filename) primer-python.pdf

(id) 57
(authors) Raymond Conrad Clay, III
(title) Ab Initio Investigations of Low Z Materials Under Extreme Conditions
(notes) Ray's thesis
(dir_id) 1
(filename) ray-clay-thesis.pdf

(id) 58
(authors) James P. Sethna
(title) Entropy, Order Parameters, and Complexity
(notes) 
(dir_id) 1
(filename) sethna-stat-mech.pdf

(id) 59
(authors) R. Shankar
(title) Principles of Quantum Mechanics
(notes) Big red book, as Eduardo likes to say
(dir_id) 1
(filename) shankar-quantum.pdf

(id) 60
(authors) Juan A. Santana, Jaron T. Krogel, Paul R. C. Kent, and Fernando A. Reboredo
(title) Cohesive energy and structural parameters of binary oxides of groups IIA and IIIB from diffusion quantum Monte Carlo
(notes) I think I initially saved this because it included lanthanum
(dir_id) 0
(filename) 2A-and-3B-structures-DMC-2016.pdf

(id) 61
(authors) Linfeng Zhang, Jiequn Han, Han Wang, Roberto Car, Weinan E
(title) Deep Potential Molecular Dynamics: A Scalable Model with the Accuracy of Quantum Mechanics
(notes) 
(dir_id) 0
(filename) DPMD-PRL.pdf

(id) 62
(authors) Dario Alfe
(title) PHON: A program to calculate phonons using the small displacement method
(notes) 
(dir_id) 0
(filename) PHON-small-displacement-method.pdf

(id) 63
(authors) Ronald E. Cohen, Oguz Gulseren, and Russell J. Hemley
(title) Accuracy of equation-of-state formulations
(notes) 
(dir_id) 0
(filename) accuracy-of-equations-of-state.pdf

(id) 64
(authors) Masafumi Senoo, Hisao Mii, Ikuya Fujishiro, and Takao Fujikawa
(title) Precise measurements of lattice compression of Al, Si, and Al-Si alloys by high pressure x-ray diffractometry
(notes) 
(dir_id) 0
(filename) al-si-compression.pdf

(id) 65
(authors) A. S. Alexandrov
(title) Strong-coupling theory of high temperature superconductivity
(notes) 
(dir_id) 0
(filename) alexandrov-strong-coupling-2005.pdf

(id) 66
(authors) Miguel Borinaga, Ion Errea, Matteo Calandra, Francesco Mauri, and Aitor Bergara
(title) Anharmonic effects in atomic hydrogen: Superconductivity and lattice dynamical stability
(notes) 
(dir_id) 0
(filename) anharmonic-superconducting-hydrogen.pdf

(id) 67
(authors) Hanyu Liu, Ivan I. Naumov, Roald Hoffmann, N. W. Ashcroft, and Russell J. Hemley
(title) Potential high-Tc superconducting lanthanum and yttrium hydrides at high pressure (supplemental)
(notes) 
(dir_id) 0
(filename) ashcroft-hemley-LaH-YH-supp.pdf

(id) 68
(authors) Hanyu Liu, Ivan I. Naumov, Roald Hoffmann, N. W. Ashcroft, and Russell J. Hemley
(title) Potential high-Tc superconducting lanthanum and yttrium hydrides at high pressure
(notes) Prediction paper preceeding the LaH experiments the following year
(dir_id) 0
(filename) ashcroft-hemley-LaH-YH.pdf

(id) 69
(authors) N. W. Ashcroft
(title) Metallic Hydrogen: a high-temperature superconductor?
(notes) 
(dir_id) 0
(filename) ashcroft-hydrogen-superconductor.pdf

(id) 70
(authors) Jeffrey M. McMahon, and David M. Ceperley
(title) Ground-State Structures of Atomic Metallic Hydrogen
(notes) 
(dir_id) 0
(filename) atomic-hydrogen-structures.pdf

(id) 71
(authors) J. P. Bouchaud and C. Lhuillier
(title) A New Variational Description of Liquid 3He: The Superfluid Glass
(notes) 
(dir_id) 0
(filename) bouchaud-lhuillier-he3-1987.pdf

(id) 72
(authors) J. P. Bouchaud, A. Georges, and C. Lhuillier
(title) Pair wave functions for strongly correlated fermions and their determinantal representation
(notes) 
(dir_id) 0
(filename) bouchaud-pair-wfs-1988.pdf

(id) 73
(authors) Michele Casula and Sandro Sorella
(title) Geminal wave functions with Jastrow correlation: A first application to atoms
(notes) 
(dir_id) 0
(filename) casula-sorella-geminal-atoms.pdf

(id) 74
(authors) Michele Casula, Claudio Attaccalite, and Sandro Sorella
(title) Correlated geminal wave function for molecules: An efficient resonating valence bond approach
(notes) 
(dir_id) 0
(filename) casula-sorella-geminal-molecules.pdf

(id) 75
(authors) Zhongsheng Wei, Lei Tan, Guanqun Cai, Anthony E. Phillips, Ivan da Silva, Mark G. Kibble, and Martin T. Dove
(title) Colossal Pressure-Induced Softening in Scandium Fluoride
(notes) 
(dir_id) 0
(filename) colossal-pressure-induced-softening.pdf

(id) 76
(authors) Han Wang, Linfeng Zhang, Jiequn Han, Weinan E
(title) DeePMD-kit: A deep learning package for many-body potential energy representation and molecular dynamics
(notes) 
(dir_id) 0
(filename) deepmd-2018.pdf

(id) 77
(authors) Jiequn Han, Linfeng Zhang, Weinan E
(title) Solving Many-Electron Schrodinger Equation Using Deep Neural Networks
(notes) Preprint from 2018, I think other groups have since done better
(dir_id) 0
(filename) deepwf-preprint.pdf

(id) 78
(authors) Chang Liu, Xianqi Song, Quan Li, Yanming Ma, and Changfeng Chen
(title) Superconductivity in Compression-Shear Deformed Diamond
(notes) 
(dir_id) 0
(filename) deformed-diamond-superconductivity.pdf

(id) 79
(authors) G. Kresse and J. Furthmuller
(title) Efficient iterative schemes for ab initio total-energy calculations using a plane-wave basis set
(notes) I think this is the VASP citation paper
(dir_id) 0
(filename) dft-vasp.pdf

(id) 80
(authors) Markus Holzmann and Saverio Moroni
(title) Itinerant-Electron Magnetism: The Importance of Many-Body Correlations
(notes) Ferromagnetic phase does not seem to appear in electron gas
(dir_id) 0
(filename) electron-gas-2020.pdf

(id) 81
(authors) D. M. Ceperley and B. J. Alder
(title) Ground state of the electron gas by a stochastic method
(notes) DMC for the electron gas
(dir_id) 0
(filename) electron-gas-DMC.pdf

(id) 82
(authors) D. Ceperley
(title) Ground state of the fermion one-component plasma: A Monte Carlo study in two and three dimensions
(notes) VMC for the electron gas
(dir_id) 0
(filename) electron-gas-VMC.pdf

(id) 83
(authors) Robert Schlesier, Carlos L. Benavides-Riveros, and Miguel A. L. Marques
(title) Homogeneous electron gas in arbitrary dimensions
(notes) 
(dir_id) 0
(filename) electron-gas-dimensions.pdf

(id) 84
(authors) Yundi Quan, Soham S. Ghosh, and Warren E. Pickett
(title) Compressed hydrides as metallic hydrogen superconductors (supplemental)
(notes) 
(dir_id) 0
(filename) epc-superhydrides-2019-supp.pdf

(id) 85
(authors) Yundi Quan, Soham S. Ghosh, and Warren E. Pickett
(title) Compressed hydrides as metallic hydrogen superconductors
(notes) 
(dir_id) 0
(filename) epc-superhydrides-2019.pdf

(id) 86
(authors) A. P. Drozdov, P. P. Kong, V. S. Minkov, S. P. Besedin, M. A. Kuzovnikov, S. Mozaffari, L. Balicas, F. F. Balakirev, D. E. Graf, V. B. Prakapenka, E. Greenberg, D. A. Knyazev, M. Tkacz and M. I. eremets
(title) Superconductivity at 250 K in lanthanum hydride under high pressures
(notes) LaH experiment by the Max Planck group
(dir_id) 0
(filename) eremets-LaH-exp-2019.pdf

(id) 87
(authors) M. I. Eremets, A. P. Drozdov, P. P. Kong and H. Wang
(title) Semimetallic molecular hydrogen at pressure above 350 GPa
(notes) 
(dir_id) 0
(filename) eremets-semimetallic-hydrogen.pdf

(id) 88
(authors) Andrey Geim
(title) Everyone's Magnetism
(notes) frog
(dir_id) 0
(filename) everyones-magnetism-geim.pdf

(id) 89
(authors) Harold T. Stokes and Dorian M. Hatch
(title) FINDSYM: program for identifying the space-group symmetry of a crystal
(notes) 
(dir_id) 0
(filename) findsym.pdf

(id) 90
(authors) L. Chaput, Atsushi Togo, and Isao Tanaka
(title) Finite-displacement computation of the electron-phonon interaction within the projector augmented-wave method
(notes) 
(dir_id) 0
(filename) finite-difference-electron-phonon.pdf

(id) 91
(authors) G. Kresse, J. Furthmuller, and J. Hafner
(title) Ab initio force constant approach to phonon dispersion relations of diamond and graphite
(notes) 
(dir_id) 0
(filename) finite-difference-phonons.pdf

(id) 92
(authors) Markus Holzmann, Raymond C. Clay III, Miguel A. Morales, Norm M. Tubman, David M. Ceperley, and Carlo Pierleoni
(title) Theory of finite size effects for electronic quantum Monte Carlo calculations of liquids and solids
(notes) 
(dir_id) 0
(filename) finite-size-qmc-2016.pdf

(id) 93
(authors) K. Parlinski, Z. Q. Li, and Y. Kawazoe
(title) First-Principles Determination of the Soft Mode in Cubic ZrO2
(notes) Fitting force constants with many displacements, rather than few
(dir_id) 0
(filename) force-fitting-phonons.pdf

(id) 94
(authors) Simone Chiesa, D. M. Ceperley, Shiwei Zhang
(title) Accurate, Efficient, and Simple Forces Computed with Quantum Monte Carlo Methods
(notes) 
(dir_id) 0
(filename) forces-qmc.pdf

(id) 95
(authors) Sam Azadi, and W. M. C. Foulkes
(title) Efficient method for grand-canonical twist averaging in quantum Monte Carlo calculations
(notes) 
(dir_id) 0
(filename) gcta-qmc.pdf

(id) 96
(authors) G. Dolling and R. A. Cowley
(title) The thermodynamic and optical properties of germanium, silicon, diamond and gallium arsenide
(notes) 
(dir_id) 0
(filename) ge-si-dia-gaas-phonons.pdf

(id) 97
(authors) Andrew Zangwill
(title) A half century of density functional theory
(notes) 
(dir_id) 0
(filename) half-century-of-DFT.pdf

(id) 98
(authors) Kam Hamidieh
(title) A data-driven statistical model for predicting the critical temperature of a superconductor
(notes) Not very good I think
(dir_id) 0
(filename) hamidieh-ML-superconductors.pdf

(id) 99
(authors) Hanyu Liu, Ivan I. Naumov, Zachary M. Geballe, Maddury Somayazulu, John S. Tse, and Russell J. Hemley
(title) Dynamics and superconductivity in compressed lanthanum superhydride (supplemental)
(notes) 
(dir_id) 0
(filename) hemley-LaH-dynamics-2018-supp.pdf

(id) 100
(authors) Hanyu Liu, Ivan I. Naumov, Zachary M. Geballe, Maddury Somayazulu, John S. Tse, and Russell J. Hemley
(title) Dynamics and superconductivity in compressed lanthanum superhydride
(notes) 
(dir_id) 0
(filename) hemley-LaH-dynamics-2018.pdf

(id) 101
(authors) S. Bagci, H. M. Tutuncu, S. Duman, and G. P. Srivastava
(title) Phonons and superconductivity in fcc and dhcp lanthanum
(notes) computational paper
(dir_id) 0
(filename) high-pressure-La-comp-2010.pdf

(id) 102
(authors) V. G. Tissen, E. G. Ponyatovskii, M. V. Nefedova, F. Porsch, W. B. Holzapfel
(title) Effect of pressure on the superconducting Tc of lanthanum
(notes) 
(dir_id) 0
(filename) high-pressure-La-exp-1996.pdf

(id) 103
(authors) G. J. Piermarini and C. E. Weir
(title) Allotropy in some rare-earth metals at high pressures
(notes) 
(dir_id) 0
(filename) high-pressure-rare-earths.pdf

(id) 104
(authors) Miguel A. Morales, Jeffrey M. McMahon, Carlo Pierleoni, and David M. Ceperley
(title) Towards a predictive first-principles description of solid molecular hydrogen with density functional theory
(notes) 
(dir_id) 0
(filename) hydrogen-DFT.pdf

(id) 105
(authors) Jeremy McMinis, Raymond C. Clay III, Donghwa Lee, and Miguel A. Morales
(title) Molecular to Atomic Phase Transition in Hydrogen under High Pressure
(notes) 
(dir_id) 0
(filename) hydrogen-atomic-transition-dmc.pdf

(id) 106
(authors) Raymond C. Clay, III, Jeremy Mcminis, Jeffrey M. McMahon, Carlo Pierleoni, David M. Ceperley, and Miguel A. Morales
(title) Benchmarking exchange-correlation functionals for hydrogen at high pressures using quantum Monte Carlo
(notes) 
(dir_id) 0
(filename) hydrogen-benchmark-xc-for-qmc.pdf

(id) 107
(authors) D. M. Ceperley and B. J. Alder
(title) Ground state of solid hydrogen at high pressures
(notes) 
(dir_id) 0
(filename) hydrogen-dmc-1987.pdf

(id) 108
(authors) Kushal Ramakrishna, Tobias Dornheim, and Jan Vorberger
(title) Influence of finite temperature exchange-correlation effects in hydrogen
(notes) 
(dir_id) 0
(filename) hydrogen-finite-temp-xc.pdf

(id) 109
(authors) Graeme J. Ackland and John S. Loveday
(title) Structures of solid hydrogen at 300 K
(notes) Uses molecular dynamics
(dir_id) 0
(filename) hydrogen-md.pdf

(id) 110
(authors) P. Cudazzo, G. Profeta, A. Sanna, A. Floris, A. Continenza, S. Massidda, and E. K. U. Gross
(title) Ab Initio Description of High-Temperature Superconductivity in Dense Molecular Hydrogen
(notes) Uses SCDFT
(dir_id) 0
(filename) hydrogen-scdft-2008.pdf

(id) 111
(authors) Alan M. Ferrenberg, D. P. Landau, Y. Joanna Wong
(title) Monte Carlo Simulations: Hidden Errors from "Good" Random Number Generators
(notes) 
(dir_id) 0
(filename) ising-rng.pdf

(id) 112
(authors) Cheng Ji, Bing Li, Wenjun Liu, Jesse S. Smith, Arnab Majumdar, Wei Luo, Rajeev Ahuja, Jinfu Shu, Junyue Wang, Stanislav Sinogeikin, Yue Meng, Vitali B. Prakapenka, Eran Greenberg, Ruqing Xu, Xianrong Huang, Wenge Yang, Guoyin Shen, Wendy L. Mao, andHo-Kwang Mao
(title) Ultrahigh-pressure isostructural electronic transitions in hydrogen
(notes) 
(dir_id) 0
(filename) isostructural-transitions-hydrogen.pdf

(id) 113
(authors) Jaron T. Krogel
(title) Nexus: A modular workflow management system for quantum simulation codes
(notes) 
(dir_id) 0
(filename) krogel-nexus.pdf

(id) 114
(authors) Jaron T. Krogel and David M. Ceperley
(title) Population control bias with applications to parallel Diffusion Monte Carlo
(notes) 
(dir_id) 0
(filename) krogel-population-control.pdf

(id) 115
(authors) S. F. Elatresh, T. Timusk, E. J. Nicol
(title) Optical properties of superconducting pressurized LaH10
(notes) Tried to match their phonon caluclations to Errea's previous results
(dir_id) 0
(filename) lah-optical.pdf

(id) 116
(authors) Ion Errea, Francesco Belli, Lorenzo Monacelli, Antonio Sanna, Takashi Koretsune, Terumasa Tadano, Raffaello Bianco, Matteo Calandra, Ryotaro Arita, Francesco Mauri, & Jose A. Flores-Livas
(title) Quantum crystal structure in the 250-kelvin superconducting lanthanum hydride
(notes) 
(dir_id) 0
(filename) lah-sscha.pdf

(id) 117
(authors) Ivan A. Kruglov, Dmitrii V. Semenok, Hao Song, Radoslaw Szczesniak, Izabela A. Wrona, Ryosuke Akashi, M. Mahdi Davari Esfahani, Defang Duan, Tian Cui, Alexander G. Kvashnin, and Artem R. Oganov
(title) Superconductivity of LaH10 and LaH16: new twists of the story
(notes) 
(dir_id) 0
(filename) lah16.pdf

(id) 118
(authors) Cody A. Melton and Lubos Mitas
(title) Many-body electronic structure of LaScO3by real space quantum Monte Carlo
(notes) Uses ccECP for Lanthanum
(dir_id) 0
(filename) lanthanum-scandate-qmc.pdf

(id) 119
(authors) C. Stassis, G. S. Smith, B. N. Harmon, K. -M. Ho, and Y. Chen
(title) Lattice dynamics of the metastable fcc phase of lanthanum
(notes) Neutron scattering measurements of phonons for lanthanum
(dir_id) 0
(filename) lattice-dynamics-lanthanum.pdf

(id) 120
(authors) C. J. Umrigar, Julien Toulouse, Claudia Filippi, S. Sorella, and R. G. Hennig
(title) Alleviation of the Fermion-Sign Problem by Optimization of Many-Body Wave Functions
(notes) Linear method for QMC
(dir_id) 0
(filename) linear-method-umrigar.pdf

(id) 121
(authors) Paul Loubeyre, Florent Occelli and Paul Dumas
(title) Synchrotron infrared spectroscopic evidence of the probable transition to metal hydrogen
(notes) 
(dir_id) 0
(filename) loubeyre-400gpa-hydrogen.pdf

(id) 122
(authors) Ville J. Harkonen, Robert van Leeuwen, and E. K. U. Gross
(title) Many-body Green’s function theory of electrons and nuclei beyond the Born-Oppenheimer approximation
(notes) Second of two beyond BO methods from Hardy Gross
(dir_id) 0
(filename) many-body-greens-functions-theory-beyond-BO.pdf

(id) 123
(authors) W. L. McMillan
(title) Ground state of liquid He4
(notes) VMC for liquid helium
(dir_id) 0
(filename) mcmillan-liquid-helium.pdf

(id) 124
(authors) W. L. McMillan
(title) Transition temperature of strong-coupled superconductors
(notes) 
(dir_id) 0
(filename) mcmillan-strong-coupling-1967.pdf

(id) 125
(authors) David Cuffari and Angelo Bongiorno
(title) Calculation of Mode Grüneisen Parameters Made Simple
(notes) 
(dir_id) 0
(filename) mode-gruneisen-2020.pdf

(id) 126
(authors) H. K. Mao, A. P. Jephcoat, R. J. Hemley, L. W. Finger, C. S. Zha, R. M. Hazen, D. E. Cox
(title) Synchrotron X-ray Diffraction Measurements of Single-Crystal Hydrogen to 26.5 Gigapascals
(notes) 
(dir_id) 0
(filename) molecular-hydrogen-structure.pdf

(id) 127
(authors) Giuseppe Carleo and Matthias Troyer
(title) Solving the quantum many-body problem with artificial neural networks
(notes) 
(dir_id) 0
(filename) neural-networks-as-wfs-2017.pdf

(id) 128
(authors) Vincent Natoli and David M. Ceperley
(title) An optimized method for treating long-range potentials
(notes) 
(dir_id) 0
(filename) optimized-ewald.pdf

(id) 129
(authors) Feng Peng, Ying Sun, Chris J. Pickard, Richard J. Needs, Qiang Wu, and Yanming Ma
(title) Hydrogen Clathrate Structures in Rare Earth Hydrides at High Pressures: Possible Route to Room-Temperature Superconductivity (supplemental)
(notes) 
(dir_id) 0
(filename) peng-h-clathrates-rare-earths-2017-supp.pdf

(id) 130
(authors) Feng Peng, Ying Sun, Chris J. Pickard, Richard J. Needs, Qiang Wu, and Yanming Ma
(title) Hydrogen Clathrate Structures in Rare Earth Hydrides at High Pressures: Possible Route to Room-Temperature Superconductivity
(notes) CALYPSO group's predictions for rare earth superhydrides
(dir_id) 0
(filename) peng-h-clathrates-rare-earths-2017.pdf

(id) 131
(authors) M. Bajdich, L. Mitas, G. Drobnyy, L. K. Wagner, K. E. Schmidt
(title) Pfaffian Pairing Wave Functions in Electronic-Structure Quantum Monte Carlo Simulations
(notes) 
(dir_id) 0
(filename) pfaffian-pairing-wfs-2006.pdf

(id) 132
(authors) Atsushi Togo, Laurent Chaput, and Isao Tanaka
(title) Distributions of phonon lifetimes in Brillouin zones
(notes) 
(dir_id) 0
(filename) phonon-lifetimes-phonopy.pdf

(id) 133
(authors) Emilia Valenca Ferreira de Aragao, Diego Moreno, Stefano Battaglia, Gian Luigi Bendazzoli, Stefano Evangelisti, Thierry Leininger, Nicolas Suaud, and J. A. Berger
(title) A simple position operator for periodic systems
(notes) 
(dir_id) 0
(filename) position-operator-for-pbc-2019.pdf

(id) 134
(authors) Marvin L. Cohen
(title) The pseudopotential panacea
(notes) 
(dir_id) 0
(filename) pseudo-panacea.pdf

(id) 135
(authors) Luke Shulenburger and Thomas R. Mattsson
(title) Quantum Monte Carlo applied to solids
(notes) 
(dir_id) 0
(filename) qmc-benchmark-solids.pdf

(id) 136
(authors) N. D. Drummond, Bartomeu Monserrat, Jonathan H. Lloyd-Williams, P. Lopez Rios, Chris J. Pickard and R. J. Needs
(title) Quantum Monte Carlo study of the phase diagram of solid molecular hydrogen at extreme pressures
(notes) Structures of hydrogen with DMC, including DFT zero point energies
(dir_id) 0
(filename) qmc-hydrogen-2015.pdf

(id) 137
(authors) David Ceperley and Berni Alder
(title) Quantum Monte Carlo
(notes) 
(dir_id) 0
(filename) qmc-science-1986.pdf

(id) 138
(authors) Jeongnim Kim et al.
(title) QMCPACK: An open source ab initio Quantum Monte Carlo package for the electronic structure of atoms, molecules, and solids
(notes) 
(dir_id) 0
(filename) qmcpack-paper.pdf

(id) 139
(authors) Surinder M. Sharma, Stefan J. Turneaure, J. M. Winey, and Y. M. Gupta
(title) What Determines the fcc-bcc Structural Transformation in Shock Compressed Noble Metals?
(notes) 
(dir_id) 0
(filename) shock-induced-bcc.pdf

(id) 140
(authors) Jeffrey M. McMahon, and David M. Ceperley
(title) High-temperature superconductivity in atomic metallic hydrogen
(notes) 
(dir_id) 0
(filename) superconductivity-atomic-hydrogen-2011.pdf

(id) 141
(authors) Johan Klarbring, Olle Hellman, Igor A. Abrikosov, and Sergei I. Simak
(title) Anharmonicity and Ultralow Thermal Conductivity in Lead-Free Halide Double Perovskites
(notes) Uses temperature-dependent effective potential method
(dir_id) 0
(filename) tdep-hdp.pdf

(id) 142
(authors) Dmitry V. Semenok et al.
(title) Superconductivity at 161 K in thorium hydride ThH10: Synthesis and properties
(notes) From Oganov's group
(dir_id) 0
(filename) th-h-superconductor.pdf

(id) 143
(authors) C. Lin, F. H. Zong, and D. M. Ceperley
(title) Twist-averaged boundary conditions in continuum quantum Monte Carlo algorithms
(notes) 
(dir_id) 0
(filename) twist-avg-boundary-conds.pdf

(id) 144
(authors) Bastien Guigue, Adrien Marizy, and Paul Loubeyre
(title) Synthesis of UH7 and UH8 superhydrides: Additive-volume alloys of uranium and atomic metal hydrogen down to 35 GPa
(notes) 
(dir_id) 0
(filename) uh-lpem.pdf

(id) 145
(authors) C. J. Umrigar
(title) Accelerated Metropolis Method
(notes) 
(dir_id) 0
(filename) umrigar-accelerated-1993.pdf

(id) 146
(authors) D. Ceperley, G. V. Chester, M. H. Kalos
(title) Monte Carlo simulation of a many-fermion study
(notes) David's thesis on VMC from 1977
(dir_id) 0
(filename) vmc-fermions-1977.pdf

(id) 147
(authors) Kenneth G. Wilson
(title) Problems in physics with many scales of length
(notes) 
(dir_id) 0
(filename) wilson-length-scales.pdf

(id) 148
(authors) Jin Zhang and Jeffrey M. McMahon
(title) The pseudopotential approach within density-functional theory: the case of atomic metallic hydrogen
(notes) 
(dir_id) 0
(filename) zhang-mcmahon-atomic-hydrogen.pdf

